
=== STRAIGHT references ===
maneuver                    agent  episodes  success_rate  collision_rate  timeout_rate  mean_return  mean_survival_time_s  mean_time_to_collision_s  mean_creep_zone_speed  high_speed_zone_rate  creep_speed_rate  mean_min_ttc  mean_min_conflict_ttc  mean_action_change_rate  mean_ego_speed  ego_stop_rate  mean_ego_stopped_time_s  mean_ego_delay_proxy_s  mean_traffic_vehicle_seconds  mean_traffic_speed  traffic_stop_rate  mean_traffic_delay_proxy_s  mean_system_delay_proxy_s  slower_action_rate  idle_action_rate  faster_action_rate  safety_shield  mean_safety_intervention_rate  mean_safety_emergency_brake_rate  mean_safety_progress_assist_rate  mean_safety_violation_rate  mean_safety_min_h  mean_safety_neighbor_rate
straight            scripted_fast        20          0.45            0.55           0.0    55.953805                  6.83                  5.145455               8.970369              1.000000          0.000000      0.503925               1.318253                 0.032190        9.059874            0.0                      0.0                0.000999                         66.39            7.311104           0.008110                    7.586270                   7.587269            0.000000          0.000000            1.000000          False                            0.0                               0.0                               0.0                         0.0                NaN                        0.0
straight      scripted_hold_speed        20          0.45            0.55           0.0    55.953805                  6.83                  5.145455               8.970369              1.000000          0.000000      0.503925               1.318253                 0.000000        9.059874            0.0                      0.0                0.000999                         66.39            7.311104           0.008110                    7.586270                   7.587269            0.000000          1.000000            0.000000          False                            0.0                               0.0                               0.0                         0.0                NaN                        0.0
straight scripted_reward_creeping        20          0.60            0.40           0.0   143.440333                 12.88                  8.225000               4.228169              0.152874          0.785211      0.721240               2.143638                 0.347303        5.164314            0.0                      0.0                4.639964                        167.26            6.943826           0.025195                   25.373102                  30.013065            0.179095          0.699182            0.121723          False                            0.0                               0.0                               0.0                         0.0                NaN                        0.0

=== STRAIGHT ppo_standard train/eval ===
Using cuda device
---------------------------------
| rollout/           |          |
|    ep_len_mean     | 49.3     |
|    ep_rew_mean     | 65.6     |
| time/              |          |
|    fps             | 80       |
|    iterations      | 1        |
|    time_elapsed    | 25       |
|    total_timesteps | 2048     |
---------------------------------
-------------------------------------------
| rollout/                |               |
|    ep_len_mean          | 46.2          |
|    ep_rew_mean          | 61.4          |
| time/                   |               |
|    fps                  | 81            |
|    iterations           | 2             |
|    time_elapsed         | 50            |
|    total_timesteps      | 4096          |
| train/                  |               |
|    approx_kl            | 0.00036404646 |
|    clip_fraction        | 0             |
|    clip_range           | 0.2           |
|    entropy_loss         | -1.1          |
|    explained_variance   | 0.00806       |
|    learning_rate        | 0.00025       |
|    loss                 | 144           |
|    n_updates            | 4             |
|    policy_gradient_loss | -0.00177      |
|    value_loss           | 293           |
-------------------------------------------
-------------------------------------------
| rollout/                |               |
|    ep_len_mean          | 50.1          |
|    ep_rew_mean          | 68.2          |
| time/                   |               |
|    fps                  | 80            |
|    iterations           | 3             |
|    time_elapsed         | 76            |
|    total_timesteps      | 6144          |
| train/                  |               |
|    approx_kl            | 0.00018767611 |
|    clip_fraction        | 0             |
|    clip_range           | 0.2           |
|    entropy_loss         | -1.1          |
|    explained_variance   | 0.0309        |
|    learning_rate        | 0.00025       |
|    loss                 | 148           |
|    n_updates            | 8             |
|    policy_gradient_loss | -0.000854     |
|    value_loss           | 313           |
-------------------------------------------
------------------------------------------
| rollout/                |              |
|    ep_len_mean          | 46.5         |
|    ep_rew_mean          | 61.6         |
| time/                   |              |
|    fps                  | 81           |
|    iterations           | 4            |
|    time_elapsed         | 99           |
|    total_timesteps      | 8192         |
| train/                  |              |
|    approx_kl            | 0.0001766019 |
|    clip_fraction        | 0            |
|    clip_range           | 0.2          |
|    entropy_loss         | -1.1         |
|    explained_variance   | 0.0542       |
|    learning_rate        | 0.00025      |
|    loss                 | 165          |
|    n_updates            | 12           |
|    policy_gradient_loss | -0.000766    |
|    value_loss           | 329          |
------------------------------------------
-------------------------------------------
| rollout/                |               |
|    ep_len_mean          | 46            |
|    ep_rew_mean          | 55.7          |
| time/                   |               |
|    fps                  | 80            |
|    iterations           | 5             |
|    time_elapsed         | 126           |
|    total_timesteps      | 10240         |
| train/                  |               |
|    approx_kl            | 0.00017366861 |
|    clip_fraction        | 0             |
|    clip_range           | 0.2           |
|    entropy_loss         | -1.1          |
|    explained_variance   | 0.0636        |
|    learning_rate        | 0.00025       |
|    loss                 | 152           |
|    n_updates            | 16            |
|    policy_gradient_loss | -0.0011       |
|    value_loss           | 309           |
-------------------------------------------
------------------------------------------
| rollout/                |              |
|    ep_len_mean          | 46           |
|    ep_rew_mean          | 51.5         |
| time/                   |              |
|    fps                  | 82           |
|    iterations           | 6            |
|    time_elapsed         | 149          |
|    total_timesteps      | 12288        |
| train/                  |              |
|    approx_kl            | 8.245793e-05 |
|    clip_fraction        | 0            |
|    clip_range           | 0.2          |
|    entropy_loss         | -1.09        |
|    explained_variance   | 0.0844       |
|    learning_rate        | 0.00025      |
|    loss                 | 145          |
|    n_updates            | 20           |
|    policy_gradient_loss | -0.00051     |
|    value_loss           | 286          |
------------------------------------------
-------------------------------------------
| rollout/                |               |
|    ep_len_mean          | 42.8          |
|    ep_rew_mean          | 44.8          |
| time/                   |               |
|    fps                  | 82            |
|    iterations           | 7             |
|    time_elapsed         | 173           |
|    total_timesteps      | 14336         |
| train/                  |               |
|    approx_kl            | 0.00015910514 |
|    clip_fraction        | 0             |
|    clip_range           | 0.2           |
|    entropy_loss         | -1.09         |
|    explained_variance   | 0.0745        |
|    learning_rate        | 0.00025       |
|    loss                 | 147           |
|    n_updates            | 24            |
|    policy_gradient_loss | -0.00116      |
|    value_loss           | 297           |
-------------------------------------------
-------------------------------------------
| rollout/                |               |
|    ep_len_mean          | 44.7          |
|    ep_rew_mean          | 49.5          |
| time/                   |               |
|    fps                  | 82            |
|    iterations           | 8             |
|    time_elapsed         | 199           |
|    total_timesteps      | 16384         |
| train/                  |               |
|    approx_kl            | 0.00014519427 |
|    clip_fraction        | 0             |
|    clip_range           | 0.2           |
|    entropy_loss         | -1.09         |
|    explained_variance   | 0.0825        |
|    learning_rate        | 0.00025       |
|    loss                 | 138           |
|    n_updates            | 28            |
|    policy_gradient_loss | -0.000778     |
|    value_loss           | 295           |
-------------------------------------------
-------------------------------------------
| rollout/                |               |
|    ep_len_mean          | 43.4          |
|    ep_rew_mean          | 46.2          |
| time/                   |               |
|    fps                  | 83            |
|    iterations           | 9             |
|    time_elapsed         | 221           |
|    total_timesteps      | 18432         |
| train/                  |               |
|    approx_kl            | 0.00033030327 |
|    clip_fraction        | 0             |
|    clip_range           | 0.2           |
|    entropy_loss         | -1.09         |
|    explained_variance   | 0.11          |
|    learning_rate        | 0.00025       |
|    loss                 | 137           |
|    n_updates            | 32            |
|    policy_gradient_loss | -0.00159      |
|    value_loss           | 301           |
-------------------------------------------
